This is pdfTeX, Version 3.141592653-2.6-1.40.22 (TeX Live 2021) (preloaded format=pdflatex 2022.2.23)  14 NOV 2024 15:59
entering extended mode
 restricted \write18 enabled.
 %&-line parsing enabled.
**TD8_-Informe-Final.tex
(./TD8_-Informe-Final.tex
LaTeX2e <2020-10-01> patch level 4
L3 programming layer <2021-02-18> (/usr/local/texlive/2021/texmf-dist/tex/latex
/base/article.cls
Document Class: article 2020/04/10 v1.4m Standard LaTeX document class
(/usr/local/texlive/2021/texmf-dist/tex/latex/base/size10.clo
File: size10.clo 2020/04/10 v1.4m Standard LaTeX file (size option)
)
\c@part=\count179
\c@section=\count180
\c@subsection=\count181
\c@subsubsection=\count182
\c@paragraph=\count183
\c@subparagraph=\count184
\c@figure=\count185
\c@table=\count186
\abovecaptionskip=\skip47
\belowcaptionskip=\skip48
\bibindent=\dimen138
) (/usr/local/texlive/2021/texmf-dist/tex/latex/amsmath/amsmath.sty
Package: amsmath 2020/09/23 v2.17i AMS math features
\@mathmargin=\skip49
For additional information on amsmath, use the `?' option.
(/usr/local/texlive/2021/texmf-dist/tex/latex/amsmath/amstext.sty
Package: amstext 2000/06/29 v2.01 AMS text
(/usr/local/texlive/2021/texmf-dist/tex/latex/amsmath/amsgen.sty
File: amsgen.sty 1999/11/30 v2.0 generic functions
\@emptytoks=\toks15
\ex@=\dimen139
)) (/usr/local/texlive/2021/texmf-dist/tex/latex/amsmath/amsbsy.sty
Package: amsbsy 1999/11/29 v1.2d Bold Symbols
\pmbraise@=\dimen140
) (/usr/local/texlive/2021/texmf-dist/tex/latex/amsmath/amsopn.sty
Package: amsopn 2016/03/08 v2.02 operator names
)
\inf@bad=\count187
LaTeX Info: Redefining \frac on input line 234.
\uproot@=\count188
\leftroot@=\count189
LaTeX Info: Redefining \overline on input line 399.
\classnum@=\count190
\DOTSCASE@=\count191
LaTeX Info: Redefining \ldots on input line 496.
LaTeX Info: Redefining \dots on input line 499.
LaTeX Info: Redefining \cdots on input line 620.
\Mathstrutbox@=\box47
\strutbox@=\box48
\big@size=\dimen141
LaTeX Font Info:    Redeclaring font encoding OML on input line 743.
LaTeX Font Info:    Redeclaring font encoding OMS on input line 744.
\macc@depth=\count192
\c@MaxMatrixCols=\count193
\dotsspace@=\muskip16
\c@parentequation=\count194
\dspbrk@lvl=\count195
\tag@help=\toks16
\row@=\count196
\column@=\count197
\maxfields@=\count198
\andhelp@=\toks17
\eqnshift@=\dimen142
\alignsep@=\dimen143
\tagshift@=\dimen144
\tagwidth@=\dimen145
\totwidth@=\dimen146
\lineht@=\dimen147
\@envbody=\toks18
\multlinegap=\skip50
\multlinetaggap=\skip51
\mathdisplay@stack=\toks19
LaTeX Info: Redefining \[ on input line 2923.
LaTeX Info: Redefining \] on input line 2924.
) (/usr/local/texlive/2021/texmf-dist/tex/latex/amsfonts/amssymb.sty
Package: amssymb 2013/01/14 v3.01 AMS font symbols
(/usr/local/texlive/2021/texmf-dist/tex/latex/amsfonts/amsfonts.sty
Package: amsfonts 2013/01/14 v3.01 Basic AMSFonts support
\symAMSa=\mathgroup4
\symAMSb=\mathgroup5
LaTeX Font Info:    Redeclaring math symbol \hbar on input line 98.
LaTeX Font Info:    Overwriting math alphabet `\mathfrak' in version `bold'
(Font)                  U/euf/m/n --> U/euf/b/n on input line 106.
)) (/usr/local/texlive/2021/texmf-dist/tex/latex/lm/lmodern.sty
Package: lmodern 2015/05/01 v1.6.1 Latin Modern Fonts
LaTeX Font Info:    Overwriting symbol font `operators' in version `normal'
(Font)                  OT1/cmr/m/n --> OT1/lmr/m/n on input line 22.
LaTeX Font Info:    Overwriting symbol font `letters' in version `normal'
(Font)                  OML/cmm/m/it --> OML/lmm/m/it on input line 23.
LaTeX Font Info:    Overwriting symbol font `symbols' in version `normal'
(Font)                  OMS/cmsy/m/n --> OMS/lmsy/m/n on input line 24.
LaTeX Font Info:    Overwriting symbol font `largesymbols' in version `normal'
(Font)                  OMX/cmex/m/n --> OMX/lmex/m/n on input line 25.
LaTeX Font Info:    Overwriting symbol font `operators' in version `bold'
(Font)                  OT1/cmr/bx/n --> OT1/lmr/bx/n on input line 26.
LaTeX Font Info:    Overwriting symbol font `letters' in version `bold'
(Font)                  OML/cmm/b/it --> OML/lmm/b/it on input line 27.
LaTeX Font Info:    Overwriting symbol font `symbols' in version `bold'
(Font)                  OMS/cmsy/b/n --> OMS/lmsy/b/n on input line 28.
LaTeX Font Info:    Overwriting symbol font `largesymbols' in version `bold'
(Font)                  OMX/cmex/m/n --> OMX/lmex/m/n on input line 29.
LaTeX Font Info:    Overwriting math alphabet `\mathbf' in version `normal'
(Font)                  OT1/cmr/bx/n --> OT1/lmr/bx/n on input line 31.
LaTeX Font Info:    Overwriting math alphabet `\mathsf' in version `normal'
(Font)                  OT1/cmss/m/n --> OT1/lmss/m/n on input line 32.
LaTeX Font Info:    Overwriting math alphabet `\mathit' in version `normal'
(Font)                  OT1/cmr/m/it --> OT1/lmr/m/it on input line 33.
LaTeX Font Info:    Overwriting math alphabet `\mathtt' in version `normal'
(Font)                  OT1/cmtt/m/n --> OT1/lmtt/m/n on input line 34.
LaTeX Font Info:    Overwriting math alphabet `\mathbf' in version `bold'
(Font)                  OT1/cmr/bx/n --> OT1/lmr/bx/n on input line 35.
LaTeX Font Info:    Overwriting math alphabet `\mathsf' in version `bold'
(Font)                  OT1/cmss/bx/n --> OT1/lmss/bx/n on input line 36.
LaTeX Font Info:    Overwriting math alphabet `\mathit' in version `bold'
(Font)                  OT1/cmr/bx/it --> OT1/lmr/bx/it on input line 37.
LaTeX Font Info:    Overwriting math alphabet `\mathtt' in version `bold'
(Font)                  OT1/cmtt/m/n --> OT1/lmtt/m/n on input line 38.
) (/usr/local/texlive/2021/texmf-dist/tex/generic/iftex/iftex.sty
Package: iftex 2020/03/06 v1.0d TeX engine tests
) (/usr/local/texlive/2021/texmf-dist/tex/latex/base/fontenc.sty
Package: fontenc 2020/08/10 v2.0s Standard LaTeX package
LaTeX Font Info:    Trying to load font information for T1+lmr on input line 11
2.
(/usr/local/texlive/2021/texmf-dist/tex/latex/lm/t1lmr.fd
File: t1lmr.fd 2015/05/01 v1.6.1 Font defs for Latin Modern
)) (/usr/local/texlive/2021/texmf-dist/tex/latex/base/inputenc.sty
Package: inputenc 2020/08/01 v1.3d Input encoding file
\inpenc@prehook=\toks20
\inpenc@posthook=\toks21
) (/usr/local/texlive/2021/texmf-dist/tex/latex/base/textcomp.sty
Package: textcomp 2020/02/02 v2.0n Standard LaTeX package
) (/usr/local/texlive/2021/texmf-dist/tex/latex/upquote/upquote.sty
Package: upquote 2012/04/19 v1.3 upright-quote and grave-accent glyphs in verba
tim
) (/usr/local/texlive/2021/texmf-dist/tex/latex/microtype/microtype.sty
Package: microtype 2021/03/14 v2.8c Micro-typographical refinements (RS)
(/usr/local/texlive/2021/texmf-dist/tex/latex/graphics/keyval.sty
Package: keyval 2014/10/28 v1.15 key=value parser (DPC)
\KV@toks@=\toks22
)
\MT@toks=\toks23
\MT@count=\count199
LaTeX Info: Redefining \textls on input line 790.
\MT@outer@kern=\dimen148
LaTeX Info: Redefining \textmicrotypecontext on input line 1374.
\MT@listname@count=\count266
(/usr/local/texlive/2021/texmf-dist/tex/latex/microtype/microtype-pdftex.def
File: microtype-pdftex.def 2021/03/14 v2.8c Definitions specific to pdftex (RS)

LaTeX Info: Redefining \lsstyle on input line 915.
LaTeX Info: Redefining \lslig on input line 915.
\MT@outer@space=\skip52
)
Package microtype Info: Loading configuration file microtype.cfg.
(/usr/local/texlive/2021/texmf-dist/tex/latex/microtype/microtype.cfg
File: microtype.cfg 2021/03/14 v2.8c microtype main configuration file (RS)
)) (/usr/local/texlive/2021/texmf-dist/tex/latex/parskip/parskip.sty
Package: parskip 2021-03-14 v2.0h non-zero parskip adjustments
(/usr/local/texlive/2021/texmf-dist/tex/latex/kvoptions/kvoptions.sty
Package: kvoptions 2020-10-07 v3.14 Key value format for package options (HO)
(/usr/local/texlive/2021/texmf-dist/tex/generic/ltxcmds/ltxcmds.sty
Package: ltxcmds 2020-05-10 v1.25 LaTeX kernel commands for general use (HO)
) (/usr/local/texlive/2021/texmf-dist/tex/generic/kvsetkeys/kvsetkeys.sty
Package: kvsetkeys 2019/12/15 v1.18 Key value parser (HO)
)) (/usr/local/texlive/2021/texmf-dist/tex/latex/etoolbox/etoolbox.sty
Package: etoolbox 2020/10/05 v2.5k e-TeX tools for LaTeX (JAW)
\etb@tempcnta=\count267
)) (/usr/local/texlive/2021/texmf-dist/tex/latex/xcolor/xcolor.sty
Package: xcolor 2016/05/11 v2.12 LaTeX color extensions (UK)
(/usr/local/texlive/2021/texmf-dist/tex/latex/graphics-cfg/color.cfg
File: color.cfg 2016/01/02 v1.6 sample color configuration
)
Package xcolor Info: Driver file: pdftex.def on input line 225.
(/usr/local/texlive/2021/texmf-dist/tex/latex/graphics-def/pdftex.def
File: pdftex.def 2020/10/05 v1.2a Graphics/color driver for pdftex
)
Package xcolor Info: Model `cmy' substituted by `cmy0' on input line 1348.
Package xcolor Info: Model `hsb' substituted by `rgb' on input line 1352.
Package xcolor Info: Model `RGB' extended on input line 1364.
Package xcolor Info: Model `HTML' substituted by `rgb' on input line 1366.
Package xcolor Info: Model `Hsb' substituted by `hsb' on input line 1367.
Package xcolor Info: Model `tHsb' substituted by `hsb' on input line 1368.
Package xcolor Info: Model `HSB' substituted by `hsb' on input line 1369.
Package xcolor Info: Model `Gray' substituted by `gray' on input line 1370.
Package xcolor Info: Model `wave' substituted by `hsb' on input line 1371.
) (/usr/local/texlive/2021/texmf-dist/tex/latex/geometry/geometry.sty
Package: geometry 2020/01/02 v5.9 Page Geometry
(/usr/local/texlive/2021/texmf-dist/tex/generic/iftex/ifvtex.sty
Package: ifvtex 2019/10/25 v1.7 ifvtex legacy package. Use iftex instead.
)
\Gm@cnth=\count268
\Gm@cntv=\count269
\c@Gm@tempcnt=\count270
\Gm@bindingoffset=\dimen149
\Gm@wd@mp=\dimen150
\Gm@odd@mp=\dimen151
\Gm@even@mp=\dimen152
\Gm@layoutwidth=\dimen153
\Gm@layoutheight=\dimen154
\Gm@layouthoffset=\dimen155
\Gm@layoutvoffset=\dimen156
\Gm@dimlist=\toks24
) (/usr/local/texlive/2021/texmf-dist/tex/latex/graphics/graphicx.sty
Package: graphicx 2020/09/09 v1.2b Enhanced LaTeX Graphics (DPC,SPQR)
(/usr/local/texlive/2021/texmf-dist/tex/latex/graphics/graphics.sty
Package: graphics 2020/08/30 v1.4c Standard LaTeX Graphics (DPC,SPQR)
(/usr/local/texlive/2021/texmf-dist/tex/latex/graphics/trig.sty
Package: trig 2016/01/03 v1.10 sin cos tan (DPC)
) (/usr/local/texlive/2021/texmf-dist/tex/latex/graphics-cfg/graphics.cfg
File: graphics.cfg 2016/06/04 v1.11 sample graphics configuration
)
Package graphics Info: Driver file: pdftex.def on input line 105.
)
\Gin@req@height=\dimen157
\Gin@req@width=\dimen158
)
\cslhangindent=\skip53
\csllabelwidth=\skip54
\cslentryspacingunit=\skip55
(/usr/local/texlive/2021/texmf-dist/tex/latex/tools/calc.sty
Package: calc 2017/05/25 v4.3 Infix arithmetic (KKT,FJ)
\calc@Acount=\count271
\calc@Bcount=\count272
\calc@Adimen=\dimen159
\calc@Bdimen=\dimen160
\calc@Askip=\skip56
\calc@Bskip=\skip57
LaTeX Info: Redefining \setlength on input line 80.
LaTeX Info: Redefining \addtolength on input line 81.
\calc@Ccount=\count273
\calc@Cskip=\skip58
) (/usr/local/texlive/2021/texmf-dist/tex/latex/algorithm2e/algorithm2e.sty
Package: algorithm2e 2017/07/18 v5.2 algorithms environments
\c@AlgoLine=\count274
(/usr/local/texlive/2021/texmf-dist/tex/latex/base/ifthen.sty
Package: ifthen 2014/09/29 v1.1c Standard LaTeX ifthen package (DPC)
)
\algocf@hangindent=\skip59
(/usr/local/texlive/2021/texmf-dist/tex/latex/ifoddpage/ifoddpage.sty
Package: ifoddpage 2016/04/23 v1.1 Conditionals for odd/even page detection
\c@checkoddpage=\count275
) (/usr/local/texlive/2021/texmf-dist/tex/latex/tools/xspace.sty
Package: xspace 2014/10/28 v1.13 Space after command names (DPC,MH)
) (/usr/local/texlive/2021/texmf-dist/tex/latex/relsize/relsize.sty
Package: relsize 2013/03/29 ver 4.1
)
\skiptotal=\skip60
\skiplinenumber=\skip61
\skiprule=\skip62
\skiphlne=\skip63
\skiptext=\skip64
\skiplength=\skip65
\algomargin=\skip66
\skipalgocfslide=\skip67
\algowidth=\dimen161
\inoutsize=\dimen162
\inoutindent=\dimen163
\interspacetitleruled=\dimen164
\interspacealgoruled=\dimen165
\interspacetitleboxruled=\dimen166
\algocf@ruledwidth=\skip68
\algocf@inoutbox=\box49
\algocf@inputbox=\box50
\AlCapSkip=\skip69
\AlCapHSkip=\skip70
\algoskipindent=\skip71
\algocf@nlbox=\box51
\algocf@hangingbox=\box52
\algocf@untilbox=\box53
\algocf@skipuntil=\skip72
\algocf@capbox=\box54
\algocf@lcaptionbox=\skip73
\algoheightruledefault=\skip74
\algoheightrule=\skip75
\algotitleheightruledefault=\skip76
\algotitleheightrule=\skip77
\c@algocfline=\count276
\c@algocfproc=\count277
\c@algocf=\count278
\algocf@algoframe=\box55
\algocf@algobox=\box56
) (/usr/local/texlive/2021/texmf-dist/tex/latex/booktabs/booktabs.sty
Package: booktabs 2020/01/12 v1.61803398 Publication quality tables
\heavyrulewidth=\dimen167
\lightrulewidth=\dimen168
\cmidrulewidth=\dimen169
\belowrulesep=\dimen170
\belowbottomsep=\dimen171
\aboverulesep=\dimen172
\abovetopsep=\dimen173
\cmidrulesep=\dimen174
\cmidrulekern=\dimen175
\defaultaddspace=\dimen176
\@cmidla=\count279
\@cmidlb=\count280
\@aboverulesep=\dimen177
\@belowrulesep=\dimen178
\@thisruleclass=\count281
\@lastruleclass=\count282
\@thisrulewidth=\dimen179
) (/usr/local/texlive/2021/texmf-dist/tex/latex/tocbibind/tocbibind.sty
Package: tocbibind 2010/10/13 v1.5k extra ToC listings
Package tocbibind Info: The document has section divisions on input line 50.

Package tocbibind Note: Using section or other style headings.

) (/usr/local/texlive/2021/texmf-dist/tex/latex/fancyhdr/fancyhdr.sty
Package: fancyhdr 2021/01/28 v4.0.1 Extensive control of page headers and foote
rs
\f@nch@headwidth=\skip78
\f@nch@O@elh=\skip79
\f@nch@O@erh=\skip80
\f@nch@O@olh=\skip81
\f@nch@O@orh=\skip82
\f@nch@O@elf=\skip83
\f@nch@O@erf=\skip84
\f@nch@O@olf=\skip85
\f@nch@O@orf=\skip86
) (/usr/local/texlive/2021/texmf-dist/tex/latex/bbm-macros/bbm.sty
Package: bbm 1999/03/15 V 1.2 provides fonts for set symbols - TH
LaTeX Font Info:    Overwriting math alphabet `\mathbbm' in version `bold'
(Font)                  U/bbm/m/n --> U/bbm/bx/n on input line 33.
LaTeX Font Info:    Overwriting math alphabet `\mathbbmss' in version `bold'
(Font)                  U/bbmss/m/n --> U/bbmss/bx/n on input line 35.
) (/usr/local/texlive/2021/texmf-dist/tex/latex/float/float.sty
Package: float 2001/11/08 v1.3d Float enhancements (AL)
\c@float@type=\count283
\float@exts=\toks25
\float@box=\box57
\@float@everytoks=\toks26
\@floatcapt=\box58
) (/usr/local/texlive/2021/texmf-dist/tex/latex/bookmark/bookmark.sty
Package: bookmark 2020-11-06 v1.29 PDF bookmarks (HO)
(/usr/local/texlive/2021/texmf-dist/tex/latex/hyperref/hyperref.sty
Package: hyperref 2021-02-27 v7.00k Hypertext links for LaTeX
(/usr/local/texlive/2021/texmf-dist/tex/generic/pdftexcmds/pdftexcmds.sty
Package: pdftexcmds 2020-06-27 v0.33 Utility functions of pdfTeX for LuaTeX (HO
)
(/usr/local/texlive/2021/texmf-dist/tex/generic/infwarerr/infwarerr.sty
Package: infwarerr 2019/12/03 v1.5 Providing info/warning/error messages (HO)
)
Package pdftexcmds Info: \pdf@primitive is available.
Package pdftexcmds Info: \pdf@ifprimitive is available.
Package pdftexcmds Info: \pdfdraftmode found.
) (/usr/local/texlive/2021/texmf-dist/tex/generic/kvdefinekeys/kvdefinekeys.sty
Package: kvdefinekeys 2019-12-19 v1.6 Define keys (HO)
) (/usr/local/texlive/2021/texmf-dist/tex/generic/pdfescape/pdfescape.sty
Package: pdfescape 2019/12/09 v1.15 Implements pdfTeX's escape features (HO)
) (/usr/local/texlive/2021/texmf-dist/tex/latex/hycolor/hycolor.sty
Package: hycolor 2020-01-27 v1.10 Color options for hyperref/bookmark (HO)
) (/usr/local/texlive/2021/texmf-dist/tex/latex/letltxmacro/letltxmacro.sty
Package: letltxmacro 2019/12/03 v1.6 Let assignment for LaTeX macros (HO)
) (/usr/local/texlive/2021/texmf-dist/tex/latex/auxhook/auxhook.sty
Package: auxhook 2019-12-17 v1.6 Hooks for auxiliary files (HO)
)
\@linkdim=\dimen180
\Hy@linkcounter=\count284
\Hy@pagecounter=\count285
(/usr/local/texlive/2021/texmf-dist/tex/latex/hyperref/pd1enc.def
File: pd1enc.def 2021-02-27 v7.00k Hyperref: PDFDocEncoding definition (HO)
Now handling font encoding PD1 ...
... no UTF-8 mapping file for font encoding PD1
)
(/usr/local/texlive/2021/texmf-dist/tex/latex/hyperref/hyperref-langpatches.def
File: hyperref-langpatches.def 2021-02-27 v7.00k Hyperref: patches for babel la
nguages
) (/usr/local/texlive/2021/texmf-dist/tex/generic/intcalc/intcalc.sty
Package: intcalc 2019/12/15 v1.3 Expandable calculations with integers (HO)
) (/usr/local/texlive/2021/texmf-dist/tex/generic/etexcmds/etexcmds.sty
Package: etexcmds 2019/12/15 v1.7 Avoid name clashes with e-TeX commands (HO)
)
\Hy@SavedSpaceFactor=\count286
(/usr/local/texlive/2021/texmf-dist/tex/latex/hyperref/puenc.def
File: puenc.def 2021-02-27 v7.00k Hyperref: PDF Unicode definition (HO)
Now handling font encoding PU ...
... no UTF-8 mapping file for font encoding PU
)
Package hyperref Info: Option `unicode' set `true' on input line 4073.
Package hyperref Info: Hyper figures OFF on input line 4192.
Package hyperref Info: Link nesting OFF on input line 4197.
Package hyperref Info: Hyper index ON on input line 4200.
Package hyperref Info: Plain pages OFF on input line 4207.
Package hyperref Info: Backreferencing OFF on input line 4212.
Package hyperref Info: Implicit mode ON; LaTeX internals redefined.
Package hyperref Info: Bookmarks ON on input line 4445.
\c@Hy@tempcnt=\count287
(/usr/local/texlive/2021/texmf-dist/tex/latex/url/url.sty
\Urlmuskip=\muskip17
Package: url 2013/09/16  ver 3.4  Verb mode for urls, etc.
)
LaTeX Info: Redefining \url on input line 4804.
\XeTeXLinkMargin=\dimen181
(/usr/local/texlive/2021/texmf-dist/tex/generic/bitset/bitset.sty
Package: bitset 2019/12/09 v1.3 Handle bit-vector datatype (HO)
(/usr/local/texlive/2021/texmf-dist/tex/generic/bigintcalc/bigintcalc.sty
Package: bigintcalc 2019/12/15 v1.5 Expandable calculations on big integers (HO
)
))
\Fld@menulength=\count288
\Field@Width=\dimen182
\Fld@charsize=\dimen183
Package hyperref Info: Hyper figures OFF on input line 6075.
Package hyperref Info: Link nesting OFF on input line 6080.
Package hyperref Info: Hyper index ON on input line 6083.
Package hyperref Info: backreferencing OFF on input line 6090.
Package hyperref Info: Link coloring OFF on input line 6095.
Package hyperref Info: Link coloring with OCG OFF on input line 6100.
Package hyperref Info: PDF/A mode OFF on input line 6105.
LaTeX Info: Redefining \ref on input line 6145.
LaTeX Info: Redefining \pageref on input line 6149.
(/usr/local/texlive/2021/texmf-dist/tex/latex/base/atbegshi-ltx.sty
Package: atbegshi-ltx 2020/08/17 v1.0a Emulation of the original atbegshi packa
ge
with kernel methods
)
\Hy@abspage=\count289
\c@Item=\count290
\c@Hfootnote=\count291
)
Package hyperref Info: Driver (autodetected): hpdftex.
(/usr/local/texlive/2021/texmf-dist/tex/latex/hyperref/hpdftex.def
File: hpdftex.def 2021-02-27 v7.00k Hyperref driver for pdfTeX
(/usr/local/texlive/2021/texmf-dist/tex/latex/base/atveryend-ltx.sty
Package: atveryend-ltx 2020/08/19 v1.0a Emulation of the original atvery packag
e
with kernel methods
)
\Fld@listcount=\count292
\c@bookmark@seq@number=\count293

(/usr/local/texlive/2021/texmf-dist/tex/latex/rerunfilecheck/rerunfilecheck.sty
Package: rerunfilecheck 2019/12/05 v1.9 Rerun checks for auxiliary files (HO)

(/usr/local/texlive/2021/texmf-dist/tex/generic/uniquecounter/uniquecounter.sty
Package: uniquecounter 2019/12/15 v1.4 Provide unlimited unique counter (HO)
)
Package uniquecounter Info: New unique counter `rerunfilecheck' on input line 2
86.
)
\Hy@SectionHShift=\skip87
) (/usr/local/texlive/2021/texmf-dist/tex/latex/bookmark/bkm-pdftex.def
File: bkm-pdftex.def 2020-11-06 v1.29 bookmark driver for pdfTeX (HO)
\BKM@id=\count294
)) (/usr/local/texlive/2021/texmf-dist/tex/latex/xurl/xurl.sty
Package: xurl 2020/12/30 v 0.09a modify URL breaks
) (/usr/local/texlive/2021/texmf-dist/tex/latex/l3backend/l3backend-pdftex.def
File: l3backend-pdftex.def 2021-03-18 L3 backend support: PDF output (pdfTeX)
\l__color_backend_stack_int=\count295
\l__pdf_internal_box=\box59
) (./TD8_-Informe-Final.aux

LaTeX Warning: Label `alg:cap' multiply defined.

)
\openout1 = `TD8_-Informe-Final.aux'.

LaTeX Font Info:    Checking defaults for OML/cmm/m/it on input line 125.
LaTeX Font Info:    ... okay on input line 125.
LaTeX Font Info:    Checking defaults for OMS/cmsy/m/n on input line 125.
LaTeX Font Info:    ... okay on input line 125.
LaTeX Font Info:    Checking defaults for OT1/cmr/m/n on input line 125.
LaTeX Font Info:    ... okay on input line 125.
LaTeX Font Info:    Checking defaults for T1/cmr/m/n on input line 125.
LaTeX Font Info:    ... okay on input line 125.
LaTeX Font Info:    Checking defaults for TS1/cmr/m/n on input line 125.
LaTeX Font Info:    ... okay on input line 125.
LaTeX Font Info:    Checking defaults for OMX/cmex/m/n on input line 125.
LaTeX Font Info:    ... okay on input line 125.
LaTeX Font Info:    Checking defaults for U/cmr/m/n on input line 125.
LaTeX Font Info:    ... okay on input line 125.
LaTeX Font Info:    Checking defaults for PD1/pdf/m/n on input line 125.
LaTeX Font Info:    ... okay on input line 125.
LaTeX Font Info:    Checking defaults for PU/pdf/m/n on input line 125.
LaTeX Font Info:    ... okay on input line 125.
LaTeX Info: Redefining \microtypecontext on input line 125.
Package microtype Info: Generating PDF output.
Package microtype Info: Character protrusion enabled (level 2).
Package microtype Info: Using protrusion set `basicmath'.
Package microtype Info: Automatic font expansion enabled (level 2),
(microtype)             stretch: 20, shrink: 20, step: 1, non-selected.
Package microtype Info: Using default expansion set `alltext-nott'.
LaTeX Info: Redefining \showhyphens on input line 125.
Package microtype Info: No adjustment of tracking.
Package microtype Info: No adjustment of interword spacing.
Package microtype Info: No adjustment of character kerning.
(/usr/local/texlive/2021/texmf-dist/tex/latex/microtype/mt-cmr.cfg
File: mt-cmr.cfg 2013/05/19 v2.2 microtype config. file: Computer Modern Roman 
(RS)
) (/usr/local/texlive/2021/texmf-dist/tex/context/base/mkii/supp-pdf.mkii
[Loading MPS to PDF converter (version 2006.09.02).]
\scratchcounter=\count296
\scratchdimen=\dimen184
\scratchbox=\box60
\nofMPsegments=\count297
\nofMParguments=\count298
\everyMPshowfont=\toks27
\MPscratchCnt=\count299
\MPscratchDim=\dimen185
\MPnumerator=\count300
\makeMPintoPDFobject=\count301
\everyMPtoPDFconversion=\toks28
) (/usr/local/texlive/2021/texmf-dist/tex/latex/epstopdf-pkg/epstopdf-base.sty
Package: epstopdf-base 2020-01-24 v2.11 Base part for package epstopdf
Package epstopdf-base Info: Redefining graphics rule for `.eps' on input line 4
85.
(/usr/local/texlive/2021/texmf-dist/tex/latex/latexconfig/epstopdf-sys.cfg
File: epstopdf-sys.cfg 2010/07/13 v1.3 Configuration of (r)epstopdf for TeX Liv
e
))
*geometry* driver: auto-detecting
*geometry* detected driver: pdftex
*geometry* verbose mode - [ preamble ] result:
* driver: pdftex
* paper: a4paper
* layout: <same size as paper>
* layoutoffset:(h,v)=(0.0pt,0.0pt)
* modes: 
* h-part:(L,W,R)=(72.26999pt, 452.9679pt, 72.26999pt)
* v-part:(T,H,B)=(72.26999pt, 700.50687pt, 72.26999pt)
* \paperwidth=597.50787pt
* \paperheight=845.04684pt
* \textwidth=452.9679pt
* \textheight=700.50687pt
* \oddsidemargin=0.0pt
* \evensidemargin=0.0pt
* \topmargin=-37.0pt
* \headheight=12.0pt
* \headsep=25.0pt
* \topskip=10.0pt
* \footskip=30.0pt
* \marginparwidth=57.0pt
* \marginparsep=11.0pt
* \columnsep=10.0pt
* \skip\footins=9.0pt plus 4.0pt minus 2.0pt
* \hoffset=0.0pt
* \voffset=0.0pt
* \mag=1000
* \@twocolumnfalse
* \@twosidefalse
* \@mparswitchfalse
* \@reversemarginfalse
* (1in=72.27pt=25.4mm, 1cm=28.453pt)

Package hyperref Info: Link coloring OFF on input line 125.
(/usr/local/texlive/2021/texmf-dist/tex/latex/hyperref/nameref.sty
Package: nameref 2021-04-02 v2.47 Cross-referencing by name of section
(/usr/local/texlive/2021/texmf-dist/tex/latex/refcount/refcount.sty
Package: refcount 2019/12/15 v3.6 Data extraction from label references (HO)
)
(/usr/local/texlive/2021/texmf-dist/tex/generic/gettitlestring/gettitlestring.s
ty
Package: gettitlestring 2019/12/15 v1.6 Cleanup title references (HO)
)
\c@section@level=\count302
)
LaTeX Info: Redefining \ref on input line 125.
LaTeX Info: Redefining \pageref on input line 125.
LaTeX Info: Redefining \nameref on input line 125.
<recursos_pdf/utdt.jpg, id=4, 475.5366pt x 78.5334pt>
File: recursos_pdf/utdt.jpg Graphic file (type jpg)
<use recursos_pdf/utdt.jpg>
Package pdftex.def Info: recursos_pdf/utdt.jpg  used on input line 127.
(pdftex.def)             Requested size: 361.34625pt x 59.6752pt.
LaTeX Font Info:    Trying to load font information for OT1+lmr on input line 1
27.
(/usr/local/texlive/2021/texmf-dist/tex/latex/lm/ot1lmr.fd
File: ot1lmr.fd 2015/05/01 v1.6.1 Font defs for Latin Modern
)
LaTeX Font Info:    Trying to load font information for OML+lmm on input line 1
27.
(/usr/local/texlive/2021/texmf-dist/tex/latex/lm/omllmm.fd
File: omllmm.fd 2015/05/01 v1.6.1 Font defs for Latin Modern
)
LaTeX Font Info:    Trying to load font information for OMS+lmsy on input line 
127.
(/usr/local/texlive/2021/texmf-dist/tex/latex/lm/omslmsy.fd
File: omslmsy.fd 2015/05/01 v1.6.1 Font defs for Latin Modern
)
LaTeX Font Info:    Trying to load font information for OMX+lmex on input line 
127.
(/usr/local/texlive/2021/texmf-dist/tex/latex/lm/omxlmex.fd
File: omxlmex.fd 2015/05/01 v1.6.1 Font defs for Latin Modern
)
LaTeX Font Info:    External font `lmex10' loaded for size
(Font)              <12> on input line 127.
LaTeX Font Info:    External font `lmex10' loaded for size
(Font)              <8> on input line 127.
LaTeX Font Info:    External font `lmex10' loaded for size
(Font)              <6> on input line 127.
LaTeX Font Info:    Trying to load font information for U+msa on input line 127
.
(/usr/local/texlive/2021/texmf-dist/tex/latex/amsfonts/umsa.fd
File: umsa.fd 2013/01/14 v3.01 AMS symbols A
) (/usr/local/texlive/2021/texmf-dist/tex/latex/microtype/mt-msa.cfg
File: mt-msa.cfg 2006/02/04 v1.1 microtype config. file: AMS symbols (a) (RS)
)
LaTeX Font Info:    Trying to load font information for U+msb on input line 127
.
(/usr/local/texlive/2021/texmf-dist/tex/latex/amsfonts/umsb.fd
File: umsb.fd 2013/01/14 v3.01 AMS symbols B
) (/usr/local/texlive/2021/texmf-dist/tex/latex/microtype/mt-msb.cfg
File: mt-msb.cfg 2005/06/01 v1.0 microtype config. file: AMS symbols (b) (RS)
)
LaTeX Font Info:    Trying to load font information for TS1+lmr on input line 1
27.
(/usr/local/texlive/2021/texmf-dist/tex/latex/lm/ts1lmr.fd
File: ts1lmr.fd 2015/05/01 v1.6.1 Font defs for Latin Modern
)
LaTeX Font Info:    External font `lmex10' loaded for size
(Font)              <5> on input line 127.
[1

{/usr/local/texlive/2021/texmf-var/fonts/map/pdftex/updmap/pdftex.map} <./recur
sos_pdf/utdt.jpg>] (./TD8_-Informe-Final.toc
LaTeX Font Info:    External font `lmex10' loaded for size
(Font)              <10> on input line 3.
LaTeX Font Info:    External font `lmex10' loaded for size
(Font)              <7> on input line 3.
)
\tf@toc=\write3
\openout3 = `TD8_-Informe-Final.toc'.

(./TD8_-Informe-Final.toc)
\tf@toc=\write4
\openout4 = `TD8_-Informe-Final.toc'.

[2] [3] [4]
<recursos_pdf/graficos/soccer_network.png, id=141, 1088.065pt x 518.93875pt>
File: recursos_pdf/graficos/soccer_network.png Graphic file (type png)
<use recursos_pdf/graficos/soccer_network.png>
Package pdftex.def Info: recursos_pdf/graficos/soccer_network.png  used on inpu
t line 367.
(pdftex.def)             Requested size: 452.96638pt x 216.03654pt.
[5 <./recursos_pdf/graficos/soccer_network.png>] [6]
<recursos_pdf/graficos/regresion_lineal_r_p.png, id=166, 1188.8415pt x 674.2791
pt>
File: recursos_pdf/graficos/regresion_lineal_r_p.png Graphic file (type png)
<use recursos_pdf/graficos/regresion_lineal_r_p.png>
Package pdftex.def Info: recursos_pdf/graficos/regresion_lineal_r_p.png  used o
n input line 508.
(pdftex.def)             Requested size: 452.96173pt x 256.90776pt.
[7 <./recursos_pdf/graficos/regresion_lineal_r_p.png>]
<recursos_pdf/graficos/psl_gradient.jpeg, id=174, 565.11125pt x 606.265pt>
File: recursos_pdf/graficos/psl_gradient.jpeg Graphic file (type jpg)
<use recursos_pdf/graficos/psl_gradient.jpeg>
Package pdftex.def Info: recursos_pdf/graficos/psl_gradient.jpeg  used on input
 line 535.
(pdftex.def)             Requested size: 452.97777pt x 485.9655pt.
[8 <./recursos_pdf/graficos/psl_gradient.jpeg>]
<recursos_pdf/graficos/xgb_shots.png, id=182, 1717.1352pt x 604.1772pt>
File: recursos_pdf/graficos/xgb_shots.png Graphic file (type png)
<use recursos_pdf/graficos/xgb_shots.png>
Package pdftex.def Info: recursos_pdf/graficos/xgb_shots.png  used on input lin
e 576.
(pdftex.def)             Requested size: 452.96875pt x 159.37788pt.
[9 <./recursos_pdf/graficos/xgb_shots.png>]
<recursos_pdf/graficos/Probabilidad_de_disparo.png, id=189, 722.7pt x 361.35pt>

File: recursos_pdf/graficos/Probabilidad_de_disparo.png Graphic file (type png)

<use recursos_pdf/graficos/Probabilidad_de_disparo.png>
Package pdftex.def Info: recursos_pdf/graficos/Probabilidad_de_disparo.png  use
d on input line 609.
(pdftex.def)             Requested size: 452.96558pt x 226.48279pt.
<recursos_pdf/graficos/Sergio_Aguero_Robin_van_Persie_shots_prob_beta_binomial.
png, id=190, 722.7pt x 361.35pt>
File: recursos_pdf/graficos/Sergio_Aguero_Robin_van_Persie_shots_prob_beta_bino
mial.png Graphic file (type png)
<use recursos_pdf/graficos/Sergio_Aguero_Robin_van_Persie_shots_prob_beta_binom
ial.png>
Package pdftex.def Info: recursos_pdf/graficos/Sergio_Aguero_Robin_van_Persie_s
hots_prob_beta_binomial.png  used on input line 625.
(pdftex.def)             Requested size: 452.96558pt x 226.48279pt.
<recursos_pdf/graficos/Top_10_by_counts_players_shots_prob_beta_binomial.png, i
d=191, 1445.4pt x 578.16pt>
File: recursos_pdf/graficos/Top_10_by_counts_players_shots_prob_beta_binomial.p
ng Graphic file (type png)
<use recursos_pdf/graficos/Top_10_by_counts_players_shots_prob_beta_binomial.pn
g>
Package pdftex.def Info: recursos_pdf/graficos/Top_10_by_counts_players_shots_p
rob_beta_binomial.png  used on input line 634.
(pdftex.def)             Requested size: 452.96558pt x 181.18623pt.
<recursos_pdf/graficos/Top_10_by_skew_players_shots_prob_beta_binomial.png, id=
192, 1445.4pt x 578.16pt>
File: recursos_pdf/graficos/Top_10_by_skew_players_shots_prob_beta_binomial.png
 Graphic file (type png)
<use recursos_pdf/graficos/Top_10_by_skew_players_shots_prob_beta_binomial.png>

Package pdftex.def Info: recursos_pdf/graficos/Top_10_by_skew_players_shots_pro
b_beta_binomial.png  used on input line 639.
(pdftex.def)             Requested size: 452.96558pt x 181.18623pt.
<recursos_pdf/graficos/Top_20_Forwards_by_skew_players_shots_prob_beta_binomial
.png, id=193, 1445.4pt x 1300.86pt>
File: recursos_pdf/graficos/Top_20_Forwards_by_skew_players_shots_prob_beta_bin
omial.png Graphic file (type png)
<use recursos_pdf/graficos/Top_20_Forwards_by_skew_players_shots_prob_beta_bino
mial.png>
Package pdftex.def Info: recursos_pdf/graficos/Top_20_Forwards_by_skew_players_
shots_prob_beta_binomial.png  used on input line 644.
(pdftex.def)             Requested size: 452.96558pt x 407.66902pt.
<recursos_pdf/graficos/Top_10_by_sum_players_shots_prob_beta_binomial.png, id=1
94, 1445.4pt x 578.16pt>
File: recursos_pdf/graficos/Top_10_by_sum_players_shots_prob_beta_binomial.png 
Graphic file (type png)
<use recursos_pdf/graficos/Top_10_by_sum_players_shots_prob_beta_binomial.png>
Package pdftex.def Info: recursos_pdf/graficos/Top_10_by_sum_players_shots_prob
_beta_binomial.png  used on input line 649.
(pdftex.def)             Requested size: 452.96558pt x 181.18623pt.
<recursos_pdf/graficos/Similar_to_Sergio_Aguero_shots_prob_beta_binomial.png, i
d=195, 1445.4pt x 578.16pt>
File: recursos_pdf/graficos/Similar_to_Sergio_Aguero_shots_prob_beta_binomial.p
ng Graphic file (type png)
<use recursos_pdf/graficos/Similar_to_Sergio_Aguero_shots_prob_beta_binomial.pn
g>
Package pdftex.def Info: recursos_pdf/graficos/Similar_to_Sergio_Aguero_shots_p
rob_beta_binomial.png  used on input line 666.
(pdftex.def)             Requested size: 452.96558pt x 181.18623pt.
<recursos_pdf/graficos/Sergio_Aguero_and_similar_players_shots_prob_beta_binomi
al.png, id=196, 1445.4pt x 433.62pt>
File: recursos_pdf/graficos/Sergio_Aguero_and_similar_players_shots_prob_beta_b
inomial.png Graphic file (type png)
<use recursos_pdf/graficos/Sergio_Aguero_and_similar_players_shots_prob_beta_bi
nomial.png>
Package pdftex.def Info: recursos_pdf/graficos/Sergio_Aguero_and_similar_player
s_shots_prob_beta_binomial.png  used on input line 671.
(pdftex.def)             Requested size: 452.96558pt x 135.88966pt.
<recursos_pdf/graficos/Sergio_Aguero_and_similar_players_same_position_shots_pr
ob_beta_binomial.png, id=197, 1445.4pt x 433.62pt>
File: recursos_pdf/graficos/Sergio_Aguero_and_similar_players_same_position_sho
ts_prob_beta_binomial.png Graphic file (type png)
<use recursos_pdf/graficos/Sergio_Aguero_and_similar_players_same_position_shot
s_prob_beta_binomial.png>
Package pdftex.def Info: recursos_pdf/graficos/Sergio_Aguero_and_similar_player
s_same_position_shots_prob_beta_binomial.png  used on input line 680.
(pdftex.def)             Requested size: 452.96558pt x 135.88966pt.
<recursos_pdf/graficos/Clusters_of_Players_shots_prob_beta_binomial.png, id=198
, 1445.4pt x 578.16pt>
File: recursos_pdf/graficos/Clusters_of_Players_shots_prob_beta_binomial.png Gr
aphic file (type png)
<use recursos_pdf/graficos/Clusters_of_Players_shots_prob_beta_binomial.png>
Package pdftex.def Info: recursos_pdf/graficos/Clusters_of_Players_shots_prob_b
eta_binomial.png  used on input line 691.
(pdftex.def)             Requested size: 452.96558pt x 181.18623pt.
<recursos_pdf/graficos/Clusters_of_Players_shots_prob_beta_binomial_distributio
ns.png, id=199, 1445.4pt x 1445.4pt>
File: recursos_pdf/graficos/Clusters_of_Players_shots_prob_beta_binomial_distri
butions.png Graphic file (type png)
<use recursos_pdf/graficos/Clusters_of_Players_shots_prob_beta_binomial_distrib
utions.png>
Package pdftex.def Info: recursos_pdf/graficos/Clusters_of_Players_shots_prob_b
eta_binomial_distributions.png  used on input line 700.
(pdftex.def)             Requested size: 452.96558pt x 452.96558pt.
[10 <./recursos_pdf/graficos/Probabilidad_de_disparo.png>] [11 <./recursos_pdf/
graficos/Sergio_Aguero_Robin_van_Persie_shots_prob_beta_binomial.png> <./recurs
os_pdf/graficos/Top_10_by_counts_players_shots_prob_beta_binomial.png> <./recur
sos_pdf/graficos/Top_10_by_skew_players_shots_prob_beta_binomial.png>] [12 <./r
ecursos_pdf/graficos/Top_20_Forwards_by_skew_players_shots_prob_beta_binomial.p
ng> <./recursos_pdf/graficos/Top_10_by_sum_players_shots_prob_beta_binomial.png
>] [13 <./recursos_pdf/graficos/Similar_to_Sergio_Aguero_shots_prob_beta_binomi
al.png> <./recursos_pdf/graficos/Sergio_Aguero_and_similar_players_shots_prob_b
eta_binomial.png> <./recursos_pdf/graficos/Sergio_Aguero_and_similar_players_sa
me_position_shots_prob_beta_binomial.png>] [14 <./recursos_pdf/graficos/Cluster
s_of_Players_shots_prob_beta_binomial.png> <./recursos_pdf/graficos/Clusters_of
_Players_shots_prob_beta_binomial_distributions.png>]
<recursos_pdf/graficos/f9090710-1703-476a-b906-8fddde8ae6d6.png, id=247, 909.87
93pt x 904.8204pt>
File: recursos_pdf/graficos/f9090710-1703-476a-b906-8fddde8ae6d6.png Graphic fi
le (type png)
<use recursos_pdf/graficos/f9090710-1703-476a-b906-8fddde8ae6d6.png>
Package pdftex.def Info: recursos_pdf/graficos/f9090710-1703-476a-b906-8fddde8a
e6d6.png  used on input line 762.
(pdftex.def)             Requested size: 452.96706pt x 450.44858pt.
[15] [16 <./recursos_pdf/graficos/f9090710-1703-476a-b906-8fddde8ae6d6.png>]
<recursos_pdf/graficos/sergio_aguero_psl_distribution.png, id=263, 722.7pt x 36
1.35pt>
File: recursos_pdf/graficos/sergio_aguero_psl_distribution.png Graphic file (ty
pe png)
<use recursos_pdf/graficos/sergio_aguero_psl_distribution.png>
Package pdftex.def Info: recursos_pdf/graficos/sergio_aguero_psl_distribution.p
ng  used on input line 812.
(pdftex.def)             Requested size: 452.96558pt x 226.48279pt.
[17 <./recursos_pdf/graficos/sergio_aguero_psl_distribution.png>]
<./recursos_pdf/graficos/psl_dists_aguero_v_giroud.png, id=282, 1158.4881pt x 5
08.7808pt>
File: ./recursos_pdf/graficos/psl_dists_aguero_v_giroud.png Graphic file (type 
png)
<use ./recursos_pdf/graficos/psl_dists_aguero_v_giroud.png>
Package pdftex.def Info: ./recursos_pdf/graficos/psl_dists_aguero_v_giroud.png 
 used on input line 874.
(pdftex.def)             Requested size: 452.95755pt x 198.92833pt.
[18 <./recursos_pdf/graficos/psl_dists_aguero_v_giroud.png>]
<./recursos_pdf/graficos/sergio_aguero_olivier_giroud_cdf_intersection.png, id=
295, 1445.4pt x 578.16pt>
File: ./recursos_pdf/graficos/sergio_aguero_olivier_giroud_cdf_intersection.png
 Graphic file (type png)
<use ./recursos_pdf/graficos/sergio_aguero_olivier_giroud_cdf_intersection.png>

Package pdftex.def Info: ./recursos_pdf/graficos/sergio_aguero_olivier_giroud_c
df_intersection.png  used on input line 984.
(pdftex.def)             Requested size: 452.96558pt x 181.18623pt.
[19] [20 <./recursos_pdf/graficos/sergio_aguero_olivier_giroud_cdf_intersection
.png>]
<recursos_pdf/graficos/G_LTM.png, id=329, 10141.89pt x 3289.28876pt>
File: recursos_pdf/graficos/G_LTM.png Graphic file (type png)
<use recursos_pdf/graficos/G_LTM.png>
Package pdftex.def Info: recursos_pdf/graficos/G_LTM.png  used on input line 11
18.
(pdftex.def)             Requested size: 452.96082pt x 146.90741pt.
[21 <./recursos_pdf/graficos/G_LTM.png>]
<recursos_pdf/graficos/G_TM.png, id=336, 10141.89pt x 4792.90625pt>
File: recursos_pdf/graficos/G_TM.png Graphic file (type png)
<use recursos_pdf/graficos/G_TM.png>
Package pdftex.def Info: recursos_pdf/graficos/G_TM.png  used on input line 116
0.
(pdftex.def)             Requested size: 452.96082pt x 214.06253pt.
<recursos_pdf/graficos/G_EPL_12_13.png, id=337, 12053.03pt x 14169.93875pt>
File: recursos_pdf/graficos/G_EPL_12_13.png Graphic file (type png)
<use recursos_pdf/graficos/G_EPL_12_13.png>
Package pdftex.def Info: recursos_pdf/graficos/G_EPL_12_13.png  used on input l
ine 1169.
(pdftex.def)             Requested size: 452.79674pt x 532.32275pt.
[22 <./recursos_pdf/graficos/G_TM.png>] [23 <./recursos_pdf/graficos/G_EPL_12_1
3.png>]
LaTeX Font Info:    Trying to load font information for T1+lmtt on input line 1
204.
(/usr/local/texlive/2021/texmf-dist/tex/latex/lm/t1lmtt.fd
File: t1lmtt.fd 2015/05/01 v1.6.1 Font defs for Latin Modern
) [24]
<recursos_pdf/graficos/players_3d.png, id=371, 722.7pt x 722.7pt>
File: recursos_pdf/graficos/players_3d.png Graphic file (type png)
<use recursos_pdf/graficos/players_3d.png>
Package pdftex.def Info: recursos_pdf/graficos/players_3d.png  used on input li
ne 1275.
(pdftex.def)             Requested size: 452.96558pt x 452.96558pt.
<recursos_pdf/graficos/players_3d_2d.png, id=372, 722.7pt x 722.7pt>
File: recursos_pdf/graficos/players_3d_2d.png Graphic file (type png)
<use recursos_pdf/graficos/players_3d_2d.png>
Package pdftex.def Info: recursos_pdf/graficos/players_3d_2d.png  used on input
 line 1286.
(pdftex.def)             Requested size: 452.96558pt x 452.96558pt.
[25 <./recursos_pdf/graficos/players_3d.png>] [26 <./recursos_pdf/graficos/play
ers_3d_2d.png>]
<recursos_pdf/graficos/players_64_2d.png, id=386, 722.7pt x 722.7pt>
File: recursos_pdf/graficos/players_64_2d.png Graphic file (type png)
<use recursos_pdf/graficos/players_64_2d.png>
Package pdftex.def Info: recursos_pdf/graficos/players_64_2d.png  used on input
 line 1321.
(pdftex.def)             Requested size: 452.96558pt x 452.96558pt.
[27 <./recursos_pdf/graficos/players_64_2d.png>]
Underfull \hbox (badness 10000) in paragraph at lines 1373--1381

 []


Underfull \hbox (badness 10000) in paragraph at lines 1398--1404

 []


Underfull \hbox (badness 10000) in paragraph at lines 1419--1424

 []


Underfull \hbox (badness 10000) in paragraph at lines 1439--1443

 []

[28] [29]
No file TD8_-Informe-Final.lof.
\tf@lof=\write5
\openout5 = `TD8_-Informe-Final.lof'.

No file TD8_-Informe-Final.lot.
\tf@lot=\write6
\openout6 = `TD8_-Informe-Final.lot'.

No file TD8_-Informe-Final.loa.
\tf@loa=\write7
\openout7 = `TD8_-Informe-Final.loa'.

[30]
! I can't find file `TD8_-Informe-Final.aux'.
\enddocument ...keatletter \@@input \jobname .aux 
                                                  \fi \UseOneTimeHook {enddo...
l.1516 \end{document}
                     
(Press Enter to retry, or Control-D to exit)
Please type another input file name
! Emergency stop.
\enddocument ...keatletter \@@input \jobname .aux 
                                                  \fi \UseOneTimeHook {enddo...
l.1516 \end{document}
                      
Here is how much of TeX's memory you used:
 14644 strings out of 478994
 225295 string characters out of 5858184
 576015 words of memory out of 5000000
 31359 multiletter control sequences out of 15000+600000
 504694 words of font info for 218 fonts, out of 8000000 for 9000
 1141 hyphenation exceptions out of 8191
 85i,18n,88p,869b,601s stack positions out of 5000i,500n,10000p,200000b,80000s

!  ==> Fatal error occurred, no output PDF file produced!
